{
"src/app/services/NasaImage.service.ts":{"path":"src/app/services/NasaImage.service.ts","statementMap":{"1":{"start":{"line":3,"column":0},"end":{"line":3,"column":43}},"2":{"start":{"line":5,"column":0},"end":{"line":5,"column":47}},"3":{"start":{"line":7,"column":0},"end":{"line":7,"column":49}},"4":{"start":{"line":9,"column":0},"end":{"line":9,"column":33}},"5":{"start":{"line":10,"column":0},"end":{"line":10,"column":31}},"6":{"start":{"line":12,"column":0},"end":{"line":12,"column":62}},"7":{"start":{"line":16,"column":0},"end":{"line":170,"column":1}},"8":{"start":{"line":48,"column":4},"end":{"line":53,"column":5}},"9":{"start":{"line":49,"column":16},"end":{"line":49,"column":26}},"10":{"start":{"line":18,"column":10},"end":{"line":18,"column":90}},"11":{"start":{"line":19,"column":10},"end":{"line":19,"column":68}},"12":{"start":{"line":20,"column":10},"end":{"line":43,"column":3}},"13":{"start":{"line":52,"column":8},"end":{"line":52,"column":25}},"14":{"start":{"line":59,"column":1},"end":{"line":77,"column":2}},"15":{"start":{"line":60,"column":4},"end":{"line":60,"column":39}},"16":{"start":{"line":61,"column":4},"end":{"line":61,"column":45}},"17":{"start":{"line":64,"column":4},"end":{"line":64,"column":58}},"18":{"start":{"line":67,"column":4},"end":{"line":67,"column":99}},"19":{"start":{"line":68,"column":6},"end":{"line":68,"column":40}},"20":{"start":{"line":70,"column":6},"end":{"line":72,"column":7}},"21":{"start":{"line":71,"column":8},"end":{"line":71,"column":36}},"22":{"start":{"line":74,"column":4},"end":{"line":76,"column":45}},"23":{"start":{"line":83,"column":1},"end":{"line":121,"column":2}},"24":{"start":{"line":85,"column":4},"end":{"line":85,"column":103}},"25":{"start":{"line":88,"column":4},"end":{"line":88,"column":39}},"26":{"start":{"line":89,"column":4},"end":{"line":89,"column":45}},"27":{"start":{"line":92,"column":4},"end":{"line":92,"column":34}},"28":{"start":{"line":95,"column":4},"end":{"line":95,"column":69}},"29":{"start":{"line":98,"column":4},"end":{"line":98,"column":82}},"30":{"start":{"line":101,"column":2},"end":{"line":120,"column":22}},"31":{"start":{"line":104,"column":21},"end":{"line":117,"column":21}},"32":{"start":{"line":106,"column":21},"end":{"line":106,"column":51}},"33":{"start":{"line":108,"column":21},"end":{"line":116,"column":22}},"34":{"start":{"line":110,"column":22},"end":{"line":110,"column":72}},"35":{"start":{"line":111,"column":22},"end":{"line":111,"column":105}},"36":{"start":{"line":113,"column":14},"end":{"line":115,"column":49}},"37":{"start":{"line":119,"column":20},"end":{"line":119,"column":51}},"38":{"start":{"line":125,"column":3},"end":{"line":132,"column":4}},"39":{"start":{"line":126,"column":4},"end":{"line":130,"column":5}},"40":{"start":{"line":127,"column":5},"end":{"line":129,"column":6}},"41":{"start":{"line":128,"column":6},"end":{"line":128,"column":28}},"42":{"start":{"line":131,"column":4},"end":{"line":131,"column":66}},"43":{"start":{"line":135,"column":12},"end":{"line":142,"column":5}},"44":{"start":{"line":136,"column":6},"end":{"line":136,"column":28}},"45":{"start":{"line":137,"column":6},"end":{"line":137,"column":33}},"46":{"start":{"line":138,"column":6},"end":{"line":138,"column":44}},"47":{"start":{"line":139,"column":6},"end":{"line":139,"column":33}},"48":{"start":{"line":140,"column":6},"end":{"line":140,"column":69}},"49":{"start":{"line":141,"column":6},"end":{"line":141,"column":26}},"50":{"start":{"line":146,"column":12},"end":{"line":152,"column":5}},"51":{"start":{"line":147,"column":6},"end":{"line":147,"column":28}},"52":{"start":{"line":148,"column":6},"end":{"line":150,"column":7}},"53":{"start":{"line":149,"column":8},"end":{"line":149,"column":89}},"54":{"start":{"line":151,"column":6},"end":{"line":151,"column":32}},"55":{"start":{"line":156,"column":11},"end":{"line":167,"column":4}},"56":{"start":{"line":157,"column":5},"end":{"line":157,"column":24}},"57":{"start":{"line":158,"column":5},"end":{"line":164,"column":6}},"58":{"start":{"line":159,"column":7},"end":{"line":159,"column":39}},"59":{"start":{"line":160,"column":7},"end":{"line":160,"column":54}},"60":{"start":{"line":161,"column":7},"end":{"line":161,"column":69}},"61":{"start":{"line":163,"column":7},"end":{"line":163,"column":65}},"62":{"start":{"line":165,"column":5},"end":{"line":165,"column":27}},"63":{"start":{"line":166,"column":5},"end":{"line":166,"column":37}},"64":{"start":{"line":15,"column":0},"end":{"line":15,"column":13}},"65":{"start":{"line":170,"column":0},"end":{"line":170,"column":1}},"66":{"start":{"line":16,"column":13},"end":{"line":170,"column":1}}},"fnMap":{"1":{"name":"(anonymous_1)","line":16,"loc":{"start":{"line":16,"column":0},"end":{"line":null,"column":-1}}},"2":{"name":"NasaImageService","line":48,"loc":{"start":{"line":48,"column":4},"end":{"line":49,"column":26}}},"3":{"name":"(anonymous_3)","line":59,"loc":{"start":{"line":59,"column":1},"end":{"line":59,"column":59}}},"4":{"name":"(anonymous_4)","line":83,"loc":{"start":{"line":83,"column":1},"end":{"line":83,"column":19}}},"5":{"name":"(anonymous_5)","line":103,"loc":{"start":{"line":103,"column":27},"end":{"line":103,"column":49}}},"6":{"name":"(anonymous_6)","line":125,"loc":{"start":{"line":125,"column":3},"end":{"line":125,"column":25}}},"7":{"name":"(anonymous_7)","line":135,"loc":{"start":{"line":135,"column":4},"end":{"line":135,"column":46}}},"8":{"name":"(anonymous_8)","line":146,"loc":{"start":{"line":146,"column":4},"end":{"line":146,"column":37}}},"9":{"name":"(anonymous_9)","line":156,"loc":{"start":{"line":156,"column":3},"end":{"line":156,"column":45}}}},"branchMap":{"1":{"line":70,"type":"if","locations":[{"start":{"line":70,"column":6},"end":{"line":70,"column":5}},{"start":{"line":70,"column":6},"end":{"line":70,"column":5}}]},"2":{"line":70,"type":"binary-expr","locations":[{"start":{"line":70,"column":10},"end":{"line":70,"column":39}},{"start":{"line":70,"column":43},"end":{"line":70,"column":58}}]},"3":{"line":104,"type":"if","locations":[{"start":{"line":104,"column":21},"end":{"line":104,"column":20}},{"start":{"line":104,"column":21},"end":{"line":104,"column":20}}]},"4":{"line":106,"type":"binary-expr","locations":[{"start":{"line":106,"column":32},"end":{"line":106,"column":44}},{"start":{"line":106,"column":48},"end":{"line":106,"column":50}}]},"5":{"line":108,"type":"if","locations":[{"start":{"line":108,"column":21},"end":{"line":108,"column":20}},{"start":{"line":108,"column":21},"end":{"line":108,"column":20}}]},"6":{"line":108,"type":"binary-expr","locations":[{"start":{"line":108,"column":25},"end":{"line":108,"column":36}},{"start":{"line":108,"column":40},"end":{"line":108,"column":72}}]},"7":{"line":110,"type":"cond-expr","locations":[{"start":{"line":110,"column":66},"end":{"line":110,"column":67}},{"start":{"line":110,"column":70},"end":{"line":110,"column":71}}]},"8":{"line":127,"type":"if","locations":[{"start":{"line":127,"column":5},"end":{"line":127,"column":4}},{"start":{"line":127,"column":5},"end":{"line":127,"column":4}}]},"9":{"line":141,"type":"binary-expr","locations":[{"start":{"line":141,"column":13},"end":{"line":141,"column":18}},{"start":{"line":141,"column":22},"end":{"line":141,"column":25}}]},"10":{"line":151,"type":"binary-expr","locations":[{"start":{"line":151,"column":13},"end":{"line":151,"column":24}},{"start":{"line":151,"column":28},"end":{"line":151,"column":31}}]},"11":{"line":158,"type":"if","locations":[{"start":{"line":158,"column":5},"end":{"line":158,"column":4}},{"start":{"line":158,"column":5},"end":{"line":158,"column":4}}]},"12":{"line":159,"type":"binary-expr","locations":[{"start":{"line":159,"column":20},"end":{"line":159,"column":32}},{"start":{"line":159,"column":36},"end":{"line":159,"column":38}}]},"13":{"line":160,"type":"binary-expr","locations":[{"start":{"line":160,"column":19},"end":{"line":160,"column":29}},{"start":{"line":160,"column":33},"end":{"line":160,"column":53}}]},"14":{"line":161,"type":"binary-expr","locations":[{"start":{"line":161,"column":37},"end":{"line":161,"column":53}},{"start":{"line":161,"column":57},"end":{"line":161,"column":59}}]},"15":{"line":163,"type":"cond-expr","locations":[{"start":{"line":163,"column":32},"end":{"line":163,"column":45}},{"start":{"line":163,"column":48},"end":{"line":163,"column":64}}]}},"s":{"1":1,"2":1,"3":1,"4":1,"5":1,"6":1,"7":1,"8":1,"9":4,"10":4,"11":4,"12":4,"13":4,"14":1,"15":1,"16":1,"17":1,"18":1,"19":1,"20":1,"21":0,"22":1,"23":1,"24":0,"25":0,"26":0,"27":0,"28":0,"29":0,"30":0,"31":0,"32":0,"33":0,"34":0,"35":0,"36":0,"37":0,"38":1,"39":3,"40":5,"41":2,"42":1,"43":1,"44":0,"45":0,"46":0,"47":0,"48":0,"49":0,"50":1,"51":1,"52":1,"53":2,"54":1,"55":1,"56":0,"57":0,"58":0,"59":0,"60":0,"61":0,"62":0,"63":0,"64":1,"65":1,"66":1},"b":{"1":[0,1],"2":[1,0],"3":[0,0],"4":[0,0],"5":[0,0],"6":[0,0],"7":[0,0],"8":[2,3],"9":[0,0],"10":[1,0],"11":[0,0],"12":[0,0],"13":[0,0],"14":[0,0],"15":[0,0]},"f":{"1":1,"2":4,"3":1,"4":0,"5":0,"6":3,"7":0,"8":1,"9":0},"l":{"3":1,"5":1,"7":1,"9":1,"10":1,"12":1,"15":1,"16":1,"18":4,"19":4,"20":4,"48":1,"49":4,"52":4,"59":1,"60":1,"61":1,"64":1,"67":1,"68":1,"70":1,"71":0,"74":1,"83":1,"85":0,"88":0,"89":0,"92":0,"95":0,"98":0,"101":0,"104":0,"106":0,"108":0,"110":0,"111":0,"113":0,"119":0,"125":1,"126":3,"127":5,"128":2,"131":1,"135":1,"136":0,"137":0,"138":0,"139":0,"140":0,"141":0,"146":1,"147":1,"148":1,"149":2,"151":1,"156":1,"157":0,"158":0,"159":0,"160":0,"161":0,"163":0,"165":0,"166":0,"170":1}}}
